2021-04-13 15:06:30,563 INFO org.springframework.boot.StartupInfoLogger [main] Starting RekapCaseApplication using Java 1.8.0_265 on Bleizings-MBP with PID 1128 (/Users/bleizing/Bleizing/Kerja/BRI/App/rekap-case/target/classes started by bleizing in /Users/bleizing/Bleizing/Kerja/BRI/App/rekap-case)
2021-04-13 15:06:30,569 DEBUG org.springframework.boot.StartupInfoLogger [main] Running with Spring Boot v2.4.3, Spring v5.3.4
2021-04-13 15:06:30,570 INFO org.springframework.boot.SpringApplication [main] No active profile set, falling back to default profiles: default
2021-04-13 15:06:31,586 INFO org.springframework.data.repository.config.RepositoryConfigurationDelegate [main] Bootstrapping Spring Data JPA repositories in DEFAULT mode.
2021-04-13 15:06:31,677 INFO org.springframework.data.repository.config.RepositoryConfigurationDelegate [main] Finished Spring Data repository scanning in 76 ms. Found 2 JPA repository interfaces.
2021-04-13 15:06:32,523 INFO org.springframework.boot.web.embedded.tomcat.TomcatWebServer [main] Tomcat initialized with port(s): 8380 (http)
2021-04-13 15:06:32,543 INFO org.apache.juli.logging.DirectJDKLog [main] Initializing ProtocolHandler ["http-nio-8380"]
2021-04-13 15:06:32,545 INFO org.apache.juli.logging.DirectJDKLog [main] Starting service [Tomcat]
2021-04-13 15:06:32,545 INFO org.apache.juli.logging.DirectJDKLog [main] Starting Servlet engine: [Apache Tomcat/9.0.43]
2021-04-13 15:06:32,641 INFO org.apache.juli.logging.DirectJDKLog [main] Initializing Spring embedded WebApplicationContext
2021-04-13 15:06:32,641 INFO org.springframework.boot.web.servlet.context.ServletWebServerApplicationContext [main] Root WebApplicationContext: initialization completed in 1981 ms
2021-04-13 15:06:33,050 INFO org.hibernate.jpa.internal.util.LogHelper [main] HHH000204: Processing PersistenceUnitInfo [name: default]
2021-04-13 15:06:33,159 INFO org.hibernate.Version [main] HHH000412: Hibernate ORM core version 5.4.28.Final
2021-04-13 15:06:33,434 INFO org.hibernate.annotations.common.reflection.java.JavaReflectionManager [main] HCANN000001: Hibernate Commons Annotations {5.1.2.Final}
2021-04-13 15:06:33,637 INFO com.zaxxer.hikari.HikariDataSource [main] HikariPool-1 - Starting...
2021-04-13 15:06:41,349 INFO com.zaxxer.hikari.HikariDataSource [main] HikariPool-1 - Start completed.
2021-04-13 15:06:41,382 INFO org.hibernate.dialect.Dialect [main] HHH000400: Using dialect: org.hibernate.dialect.SQLServer2012Dialect
2021-04-13 15:06:43,036 INFO org.hibernate.engine.transaction.jta.platform.internal.JtaPlatformInitiator [main] HHH000490: Using JtaPlatform implementation: [org.hibernate.engine.transaction.jta.platform.internal.NoJtaPlatform]
2021-04-13 15:06:43,047 INFO org.springframework.orm.jpa.AbstractEntityManagerFactoryBean [main] Initialized JPA EntityManagerFactory for persistence unit 'default'
2021-04-13 15:06:43,708 WARN org.springframework.boot.autoconfigure.orm.jpa.JpaBaseConfiguration$JpaWebConfiguration [main] spring.jpa.open-in-view is enabled by default. Therefore, database queries may be performed during view rendering. Explicitly configure spring.jpa.open-in-view to disable this warning
2021-04-13 15:06:43,847 INFO org.springframework.scheduling.concurrent.ExecutorConfigurationSupport [main] Initializing ExecutorService 'applicationTaskExecutor'
2021-04-13 15:06:43,992 INFO org.springframework.boot.autoconfigure.web.servlet.WelcomePageHandlerMapping [main] Adding welcome page: class path resource [static/index.html]
2021-04-13 15:06:44,290 INFO org.apache.juli.logging.DirectJDKLog [main] Starting ProtocolHandler ["http-nio-8380"]
2021-04-13 15:06:44,332 INFO org.springframework.boot.web.embedded.tomcat.TomcatWebServer [main] Tomcat started on port(s): 8380 (http) with context path ''
2021-04-13 15:06:44,342 INFO org.springframework.boot.StartupInfoLogger [main] Started RekapCaseApplication in 20.706 seconds (JVM running for 36.75)
2021-04-13 15:07:02,825 INFO org.apache.juli.logging.DirectJDKLog [http-nio-8380-exec-1] Initializing Spring DispatcherServlet 'dispatcherServlet'
2021-04-13 15:07:02,826 INFO org.springframework.web.servlet.FrameworkServlet [http-nio-8380-exec-1] Initializing Servlet 'dispatcherServlet'
2021-04-13 15:07:02,827 INFO org.springframework.web.servlet.FrameworkServlet [http-nio-8380-exec-1] Completed initialization in 1 ms
2021-04-13 15:08:43,375 INFO com.bleizing.rekapcase.controller.FileController [http-nio-8380-exec-7] process upload file = Rekap Case Trx 2021.xlsx
2021-04-13 15:08:43,378 INFO com.bleizing.rekapcase.service.FileStorageService [http-nio-8380-exec-7] store file Rekap Case Trx 2021.xlsx success
2021-04-13 15:08:43,379 INFO com.bleizing.rekapcase.controller.FileController [http-nio-8380-exec-7] Uploaded the file successfully: Rekap Case Trx 2021.xlsx with name Rekap Case Trx 2021.xlsx
2021-04-13 15:08:44,503 INFO com.bleizing.rekapcase.helper.ExcelHelper [http-nio-8380-exec-7] read sheet = -2
2021-04-13 15:08:47,725 INFO com.bleizing.rekapcase.helper.ExcelHelper [http-nio-8380-exec-7] end of read sheet
2021-04-13 15:08:47,726 INFO com.bleizing.rekapcase.helper.ExcelHelper [http-nio-8380-exec-7] read sheet = -1
2021-04-13 15:08:48,356 INFO com.bleizing.rekapcase.helper.ExcelHelper [http-nio-8380-exec-7] end of read sheet
2021-04-13 15:08:48,602 INFO com.bleizing.rekapcase.service.PdfService [http-nio-8380-exec-7] create pdf file = Rekap Transaksi Gagal Sistem  - Maret 2021.pdf
2021-04-13 15:08:49,460 INFO com.bleizing.rekapcase.service.PdfService [http-nio-8380-exec-7] create pdf file = Rekap Transaksi Gagal Sistem Native - Maret 2021.pdf
2021-04-13 15:08:49,528 INFO com.bleizing.rekapcase.service.PdfService [http-nio-8380-exec-7] end of create pdf
2021-04-13 15:10:24,852 INFO com.bleizing.rekapcase.controller.FileController [http-nio-8380-exec-9] download file = /Users/bleizing/Bleizing/Kerja/BRI/App/rekap-case/downloads/Rekap Transaksi Gagal Sistem  - Maret 2021.pdf
