2021-04-05 16:01:00,762 INFO org.springframework.boot.StartupInfoLogger [main] Starting RekapCaseApplication using Java 1.8.0_265 on Bleizings-MacBook-Pro.local with PID 1796 (/Users/bleizing/Bleizing/Kerja/BRI/App/rekap-case/target/classes started by bleizing in /Users/bleizing/Bleizing/Kerja/BRI/App/rekap-case)
2021-04-05 16:01:00,767 DEBUG org.springframework.boot.StartupInfoLogger [main] Running with Spring Boot v2.4.3, Spring v5.3.4
2021-04-05 16:01:00,768 INFO org.springframework.boot.SpringApplication [main] No active profile set, falling back to default profiles: default
2021-04-05 16:01:01,870 INFO org.springframework.data.repository.config.RepositoryConfigurationDelegate [main] Bootstrapping Spring Data JPA repositories in DEFAULT mode.
2021-04-05 16:01:01,980 INFO org.springframework.data.repository.config.RepositoryConfigurationDelegate [main] Finished Spring Data repository scanning in 92 ms. Found 2 JPA repository interfaces.
2021-04-05 16:01:02,825 INFO org.springframework.boot.web.embedded.tomcat.TomcatWebServer [main] Tomcat initialized with port(s): 8380 (http)
2021-04-05 16:01:02,847 INFO org.apache.juli.logging.DirectJDKLog [main] Initializing ProtocolHandler ["http-nio-8380"]
2021-04-05 16:01:02,849 INFO org.apache.juli.logging.DirectJDKLog [main] Starting service [Tomcat]
2021-04-05 16:01:02,849 INFO org.apache.juli.logging.DirectJDKLog [main] Starting Servlet engine: [Apache Tomcat/9.0.43]
2021-04-05 16:01:02,971 INFO org.apache.juli.logging.DirectJDKLog [main] Initializing Spring embedded WebApplicationContext
2021-04-05 16:01:02,971 INFO org.springframework.boot.web.servlet.context.ServletWebServerApplicationContext [main] Root WebApplicationContext: initialization completed in 2115 ms
2021-04-05 16:01:03,351 INFO org.hibernate.jpa.internal.util.LogHelper [main] HHH000204: Processing PersistenceUnitInfo [name: default]
2021-04-05 16:01:03,496 INFO org.hibernate.Version [main] HHH000412: Hibernate ORM core version 5.4.28.Final
2021-04-05 16:01:03,754 INFO org.hibernate.annotations.common.reflection.java.JavaReflectionManager [main] HCANN000001: Hibernate Commons Annotations {5.1.2.Final}
2021-04-05 16:01:03,967 INFO com.zaxxer.hikari.HikariDataSource [main] HikariPool-1 - Starting...
2021-04-05 16:01:04,410 INFO com.zaxxer.hikari.HikariDataSource [main] HikariPool-1 - Start completed.
2021-04-05 16:01:04,447 INFO org.hibernate.dialect.Dialect [main] HHH000400: Using dialect: org.hibernate.dialect.SQLServer2012Dialect
2021-04-05 16:01:06,010 INFO org.hibernate.engine.transaction.jta.platform.internal.JtaPlatformInitiator [main] HHH000490: Using JtaPlatform implementation: [org.hibernate.engine.transaction.jta.platform.internal.NoJtaPlatform]
2021-04-05 16:01:06,024 INFO org.springframework.orm.jpa.AbstractEntityManagerFactoryBean [main] Initialized JPA EntityManagerFactory for persistence unit 'default'
2021-04-05 16:01:06,114 WARN org.springframework.boot.autoconfigure.orm.jpa.JpaBaseConfiguration$JpaWebConfiguration [main] spring.jpa.open-in-view is enabled by default. Therefore, database queries may be performed during view rendering. Explicitly configure spring.jpa.open-in-view to disable this warning
2021-04-05 16:01:06,317 INFO org.springframework.scheduling.concurrent.ExecutorConfigurationSupport [main] Initializing ExecutorService 'applicationTaskExecutor'
2021-04-05 16:01:06,465 INFO org.springframework.boot.autoconfigure.web.servlet.WelcomePageHandlerMapping [main] Adding welcome page: class path resource [static/index.html]
2021-04-05 16:01:07,044 INFO org.apache.juli.logging.DirectJDKLog [main] Starting ProtocolHandler ["http-nio-8380"]
2021-04-05 16:01:07,086 INFO org.springframework.boot.web.embedded.tomcat.TomcatWebServer [main] Tomcat started on port(s): 8380 (http) with context path ''
2021-04-05 16:01:07,097 INFO org.springframework.boot.StartupInfoLogger [main] Started RekapCaseApplication in 7.156 seconds (JVM running for 8.408)
2021-04-05 16:03:15,574 INFO org.springframework.boot.StartupInfoLogger [main] Starting RekapCaseApplication using Java 1.8.0_265 on Bleizings-MacBook-Pro.local with PID 1833 (/Users/bleizing/Bleizing/Kerja/BRI/App/rekap-case/target/classes started by bleizing in /Users/bleizing/Bleizing/Kerja/BRI/App/rekap-case)
2021-04-05 16:03:15,580 DEBUG org.springframework.boot.StartupInfoLogger [main] Running with Spring Boot v2.4.3, Spring v5.3.4
2021-04-05 16:03:15,580 INFO org.springframework.boot.SpringApplication [main] No active profile set, falling back to default profiles: default
2021-04-05 16:03:16,552 INFO org.springframework.data.repository.config.RepositoryConfigurationDelegate [main] Bootstrapping Spring Data JPA repositories in DEFAULT mode.
2021-04-05 16:03:16,645 INFO org.springframework.data.repository.config.RepositoryConfigurationDelegate [main] Finished Spring Data repository scanning in 79 ms. Found 2 JPA repository interfaces.
2021-04-05 16:03:17,503 INFO org.springframework.boot.web.embedded.tomcat.TomcatWebServer [main] Tomcat initialized with port(s): 8380 (http)
2021-04-05 16:03:17,519 INFO org.apache.juli.logging.DirectJDKLog [main] Initializing ProtocolHandler ["http-nio-8380"]
2021-04-05 16:03:17,520 INFO org.apache.juli.logging.DirectJDKLog [main] Starting service [Tomcat]
2021-04-05 16:03:17,520 INFO org.apache.juli.logging.DirectJDKLog [main] Starting Servlet engine: [Apache Tomcat/9.0.43]
2021-04-05 16:03:17,667 INFO org.apache.juli.logging.DirectJDKLog [main] Initializing Spring embedded WebApplicationContext
2021-04-05 16:03:17,668 INFO org.springframework.boot.web.servlet.context.ServletWebServerApplicationContext [main] Root WebApplicationContext: initialization completed in 2012 ms
2021-04-05 16:03:18,086 INFO org.hibernate.jpa.internal.util.LogHelper [main] HHH000204: Processing PersistenceUnitInfo [name: default]
2021-04-05 16:03:18,177 INFO org.hibernate.Version [main] HHH000412: Hibernate ORM core version 5.4.28.Final
2021-04-05 16:03:18,418 INFO org.hibernate.annotations.common.reflection.java.JavaReflectionManager [main] HCANN000001: Hibernate Commons Annotations {5.1.2.Final}
2021-04-05 16:03:18,665 INFO com.zaxxer.hikari.HikariDataSource [main] HikariPool-1 - Starting...
2021-04-05 16:03:19,262 INFO com.zaxxer.hikari.HikariDataSource [main] HikariPool-1 - Start completed.
2021-04-05 16:03:19,301 INFO org.hibernate.dialect.Dialect [main] HHH000400: Using dialect: org.hibernate.dialect.SQLServer2012Dialect
2021-04-05 16:03:20,418 INFO org.hibernate.engine.transaction.jta.platform.internal.JtaPlatformInitiator [main] HHH000490: Using JtaPlatform implementation: [org.hibernate.engine.transaction.jta.platform.internal.NoJtaPlatform]
2021-04-05 16:03:20,429 INFO org.springframework.orm.jpa.AbstractEntityManagerFactoryBean [main] Initialized JPA EntityManagerFactory for persistence unit 'default'
2021-04-05 16:03:20,530 WARN org.springframework.boot.autoconfigure.orm.jpa.JpaBaseConfiguration$JpaWebConfiguration [main] spring.jpa.open-in-view is enabled by default. Therefore, database queries may be performed during view rendering. Explicitly configure spring.jpa.open-in-view to disable this warning
2021-04-05 16:03:20,711 INFO org.springframework.scheduling.concurrent.ExecutorConfigurationSupport [main] Initializing ExecutorService 'applicationTaskExecutor'
2021-04-05 16:03:20,861 INFO org.springframework.boot.autoconfigure.web.servlet.WelcomePageHandlerMapping [main] Adding welcome page: class path resource [static/index.html]
2021-04-05 16:03:21,362 INFO org.apache.juli.logging.DirectJDKLog [main] Starting ProtocolHandler ["http-nio-8380"]
2021-04-05 16:03:21,397 INFO org.springframework.boot.web.embedded.tomcat.TomcatWebServer [main] Tomcat started on port(s): 8380 (http) with context path ''
2021-04-05 16:03:21,407 INFO org.springframework.boot.StartupInfoLogger [main] Started RekapCaseApplication in 6.606 seconds (JVM running for 7.29)
2021-04-05 16:09:54,141 INFO org.springframework.boot.StartupInfoLogger [main] Starting RekapCaseApplication using Java 1.8.0_265 on Bleizings-MacBook-Pro.local with PID 1858 (/Users/bleizing/Bleizing/Kerja/BRI/App/rekap-case/target/classes started by bleizing in /Users/bleizing/Bleizing/Kerja/BRI/App/rekap-case)
2021-04-05 16:09:54,146 DEBUG org.springframework.boot.StartupInfoLogger [main] Running with Spring Boot v2.4.3, Spring v5.3.4
2021-04-05 16:09:54,147 INFO org.springframework.boot.SpringApplication [main] No active profile set, falling back to default profiles: default
2021-04-05 16:09:55,357 INFO org.springframework.data.repository.config.RepositoryConfigurationDelegate [main] Bootstrapping Spring Data JPA repositories in DEFAULT mode.
2021-04-05 16:09:55,522 INFO org.springframework.data.repository.config.RepositoryConfigurationDelegate [main] Finished Spring Data repository scanning in 145 ms. Found 2 JPA repository interfaces.
2021-04-05 16:09:56,385 INFO org.springframework.boot.web.embedded.tomcat.TomcatWebServer [main] Tomcat initialized with port(s): 8380 (http)
2021-04-05 16:09:56,403 INFO org.apache.juli.logging.DirectJDKLog [main] Initializing ProtocolHandler ["http-nio-8380"]
2021-04-05 16:09:56,405 INFO org.apache.juli.logging.DirectJDKLog [main] Starting service [Tomcat]
2021-04-05 16:09:56,406 INFO org.apache.juli.logging.DirectJDKLog [main] Starting Servlet engine: [Apache Tomcat/9.0.43]
2021-04-05 16:09:56,572 INFO org.apache.juli.logging.DirectJDKLog [main] Initializing Spring embedded WebApplicationContext
2021-04-05 16:09:56,573 INFO org.springframework.boot.web.servlet.context.ServletWebServerApplicationContext [main] Root WebApplicationContext: initialization completed in 2351 ms
2021-04-05 16:09:56,927 INFO org.hibernate.jpa.internal.util.LogHelper [main] HHH000204: Processing PersistenceUnitInfo [name: default]
2021-04-05 16:09:57,077 INFO org.hibernate.Version [main] HHH000412: Hibernate ORM core version 5.4.28.Final
2021-04-05 16:09:57,347 INFO org.hibernate.annotations.common.reflection.java.JavaReflectionManager [main] HCANN000001: Hibernate Commons Annotations {5.1.2.Final}
2021-04-05 16:09:57,548 INFO com.zaxxer.hikari.HikariDataSource [main] HikariPool-1 - Starting...
2021-04-05 16:09:58,020 INFO com.zaxxer.hikari.HikariDataSource [main] HikariPool-1 - Start completed.
2021-04-05 16:09:58,062 INFO org.hibernate.dialect.Dialect [main] HHH000400: Using dialect: org.hibernate.dialect.SQLServer2012Dialect
2021-04-05 16:09:59,407 INFO org.hibernate.engine.transaction.jta.platform.internal.JtaPlatformInitiator [main] HHH000490: Using JtaPlatform implementation: [org.hibernate.engine.transaction.jta.platform.internal.NoJtaPlatform]
2021-04-05 16:09:59,441 INFO org.springframework.orm.jpa.AbstractEntityManagerFactoryBean [main] Initialized JPA EntityManagerFactory for persistence unit 'default'
2021-04-05 16:09:59,536 WARN org.springframework.boot.autoconfigure.orm.jpa.JpaBaseConfiguration$JpaWebConfiguration [main] spring.jpa.open-in-view is enabled by default. Therefore, database queries may be performed during view rendering. Explicitly configure spring.jpa.open-in-view to disable this warning
2021-04-05 16:09:59,731 INFO org.springframework.scheduling.concurrent.ExecutorConfigurationSupport [main] Initializing ExecutorService 'applicationTaskExecutor'
2021-04-05 16:09:59,873 INFO org.springframework.boot.autoconfigure.web.servlet.WelcomePageHandlerMapping [main] Adding welcome page: class path resource [static/index.html]
2021-04-05 16:10:00,393 INFO org.apache.juli.logging.DirectJDKLog [main] Starting ProtocolHandler ["http-nio-8380"]
2021-04-05 16:10:00,428 INFO org.springframework.boot.web.embedded.tomcat.TomcatWebServer [main] Tomcat started on port(s): 8380 (http) with context path ''
2021-04-05 16:10:00,439 INFO org.springframework.boot.StartupInfoLogger [main] Started RekapCaseApplication in 7.062 seconds (JVM running for 7.77)
2021-04-05 18:28:14,202 WARN com.zaxxer.hikari.pool.HikariPool$HouseKeeper [HikariPool-1 housekeeper] HikariPool-1 - Thread starvation or clock leap detected (housekeeper delta=1h44m15s885ms).
